This is pdfTeX, Version 3.14159265-2.6-1.40.20 (TeX Live 2019/Arch Linux) (preloaded format=pdflatex 2020.1.15)  16 JAN 2020 16:12
entering extended mode
 restricted \write18 enabled.
 file:line:error style messages enabled.
 %&-line parsing enabled.
**/home/frankie/WebstormProjects/bachelor-thesis/ReportKNOBELF/thesis.tex
(/home/frankie/WebstormProjects/bachelor-thesis/ReportKNOBELF/thesis.tex
LaTeX2e <2019-10-01> patch level 1
(/usr/share/texmf-dist/tex/latex/koma-script/scrbook.cls
Document Class: scrbook 2019/10/12 v3.27 KOMA-Script document class (book)
(/usr/share/texmf-dist/tex/latex/koma-script/scrkbase.sty
Package: scrkbase 2019/10/12 v3.27 KOMA-Script package (KOMA-Script-dependent basics and keyval usage)
 (/usr/share/texmf-dist/tex/latex/koma-script/scrbase.sty
Package: scrbase 2019/10/12 v3.27 KOMA-Script package (KOMA-Script-independent basics and keyval usage)
 (/usr/share/texmf-dist/tex/latex/graphics/keyval.sty
Package: keyval 2014/10/28 v1.15 key=value parser (DPC)
\KV@toks@=\toks14
) (/usr/share/texmf-dist/tex/latex/koma-script/scrlfile.sty
Package: scrlfile 2019/10/12 v3.27 KOMA-Script package (loading files)
))) (/usr/share/texmf-dist/tex/latex/koma-script/tocbasic.sty
Package: tocbasic 2019/10/12 v3.27 KOMA-Script package (handling toc-files)
\scr@dte@tocline@numberwidth=\skip41
\scr@dte@tocline@numbox=\box27
)
Package tocbasic Info: omitting babel extension for `toc'
(tocbasic)             because of feature `nobabel' available
(tocbasic)             for `toc' on input line 137.
Package scrbook Info: You've used standard option `12pt'.
(scrbook)             This is correct!
(scrbook)             Internally I'm using `fontsize=12pt'.
(scrbook)             If you'd like to set the option with \KOMAoptions,
(scrbook)             you'd have to use `fontsize=12pt' there
(scrbook)             instead of `12pt', too.


Class scrbook Warning: You've used obsolete option `nochapterprefix'.
(scrbook)              Usage of this option indicates an old document
(scrbook)              and changes compatibility level using
(scrbook)              `chapterprefix=false,version=first,
(scrbook)              enabledeprecatedfontcommands' that may result
(scrbook)              in further warnings.
(scrbook)              If you don't want this, you should simply
(scrbook)              replace option `nochapterprefix' by `chapterprefix=false'.

Class scrbook Info: Switching compatibility level to `first'.

Class scrbook Warning: deprecated option `enabledeprecatedfontcommands'.
(scrbook)              Note, that this option was already depreacted when
(scrbook)              it has been defined. Support for old font commands
(scrbook)              has been removed from KOMA-Script more than one
(scrbook)              decade ago. It is not recommended to use them any
(scrbook)              longer. Therefore usage of this class option also
(scrbook)              is not recommended.

Class scrbook Info: File `scrsize12pt.clo' used to setup font sizes on input line 2420.
(/usr/share/texmf-dist/tex/latex/koma-script/scrsize12pt.clo
File: scrsize12pt.clo 2019/10/12 v3.27 KOMA-Script font size class option (12pt)
) (/usr/share/texmf-dist/tex/latex/koma-script/typearea.sty
Package: typearea 2019/10/12 v3.27 KOMA-Script package (type area)
\ta@bcor=\skip42
\ta@div=\count80
Package typearea Info: You've used standard option `a4paper'.
(typearea)             This is correct!
(typearea)             Internally I'm using `paper=a4'.
(typearea)             If you'd like to set the option with \KOMAoptions,
(typearea)             you'd have to use `paper=a4' there
(typearea)             instead of `a4paper', too.
\ta@hblk=\skip43
\ta@vblk=\skip44
\ta@temp=\skip45
\footheight=\skip46
Package typearea Info: These are the values describing the layout:
(typearea)             DIV  = 12
(typearea)             BCOR = 0.0pt
(typearea)             \paperwidth      = 597.50793pt
(typearea)              \textwidth      = 448.13095pt
(typearea)              DIV departure   = -6%
(typearea)              \evensidemargin = 27.31467pt
(typearea)              \oddsidemargin  = -22.47766pt
(typearea)             \paperheight     = 845.04694pt
(typearea)              \textheight     = 635.5pt
(typearea)              \topmargin      = -41.72441pt
(typearea)              \headheight     = 18.125pt
(typearea)              \headsep        = 21.75pt
(typearea)              \topskip        = 12.0pt
(typearea)              \footskip       = 50.75pt
(typearea)              \baselineskip   = 14.5pt
(typearea)              on input line 1716.
)
\c@part=\count81
\c@chapter=\count82
\c@section=\count83
\c@subsection=\count84
\c@subsubsection=\count85
\c@paragraph=\count86
\c@subparagraph=\count87
\scr@dte@chapter@maxnumwidth=\skip47
Class scrbook Info: using compatibility default `afterindent=bysign'
(scrbook)           for `\chapter on input line 5521.
\scr@dte@section@maxnumwidth=\skip48
Class scrbook Info: using compatibility default `runin=bysign'
(scrbook)           for `\section on input line 5531.
Class scrbook Info: using compatibility default `afterindent=bysign'
(scrbook)           for `\section on input line 5531.
\scr@dte@part@maxnumwidth=\skip49
Class scrbook Info: using compatibility default `afterindent=true'
(scrbook)           for `\part on input line 5540.
\scr@dte@subsection@maxnumwidth=\skip50
Class scrbook Info: using compatibility default `runin=bysign'
(scrbook)           for `\subsection on input line 5550.
Class scrbook Info: using compatibility default `afterindent=bysign'
(scrbook)           for `\subsection on input line 5550.
\scr@dte@subsubsection@maxnumwidth=\skip51
Class scrbook Info: using compatibility default `runin=bysign'
(scrbook)           for `\subsubsection on input line 5560.
Class scrbook Info: using compatibility default `afterindent=bysign'
(scrbook)           for `\subsubsection on input line 5560.
\scr@dte@paragraph@maxnumwidth=\skip52
Class scrbook Info: using compatibility default `runin=bysign'
(scrbook)           for `\paragraph on input line 5570.
Class scrbook Info: using compatibility default `afterindent=bysign'
(scrbook)           for `\paragraph on input line 5570.
\scr@dte@subparagraph@maxnumwidth=\skip53
Class scrbook Info: using compatibility default `runin=bysign'
(scrbook)           for `\subparagraph on input line 5580.
Class scrbook Info: using compatibility default `afterindent=bysign'
(scrbook)           for `\subparagraph on input line 5580.
\abovecaptionskip=\skip54
\belowcaptionskip=\skip55
\c@pti@nb@sid@b@x=\box28
Package tocbasic Info: omitting babel extension for `lof'
(tocbasic)             because of feature `nobabel' available
(tocbasic)             for `lof' on input line 6810.
\scr@dte@figure@maxnumwidth=\skip56
\c@figure=\count88
Package tocbasic Info: omitting babel extension for `lot'
(tocbasic)             because of feature `nobabel' available
(tocbasic)             for `lot' on input line 6831.
\scr@dte@table@maxnumwidth=\skip57
\c@table=\count89
Class scrbook Info: Using old \@makefntext due to compatibility level
(scrbook)           less than 3.22 on input line 6991.
Class scrbook Info: Redefining `\numberline' on input line 7004.
\bibindent=\dimen102
) (/usr/share/texmf-dist/tex/latex/amsmath/amsmath.sty
Package: amsmath 2019/04/01 v2.17c AMS math features
\@mathmargin=\skip58

For additional information on amsmath, use the `?' option.
(/usr/share/texmf-dist/tex/latex/amsmath/amstext.sty
Package: amstext 2000/06/29 v2.01 AMS text
 (/usr/share/texmf-dist/tex/latex/amsmath/amsgen.sty
File: amsgen.sty 1999/11/30 v2.0 generic functions
\@emptytoks=\toks15
\ex@=\dimen103
)) (/usr/share/texmf-dist/tex/latex/amsmath/amsbsy.sty
Package: amsbsy 1999/11/29 v1.2d Bold Symbols
\pmbraise@=\dimen104
) (/usr/share/texmf-dist/tex/latex/amsmath/amsopn.sty
Package: amsopn 2016/03/08 v2.02 operator names
)
\inf@bad=\count90
LaTeX Info: Redefining \frac on input line 227.
\uproot@=\count91
\leftroot@=\count92
LaTeX Info: Redefining \overline on input line 389.
\classnum@=\count93
\DOTSCASE@=\count94
LaTeX Info: Redefining \ldots on input line 486.
LaTeX Info: Redefining \dots on input line 489.
LaTeX Info: Redefining \cdots on input line 610.
\Mathstrutbox@=\box29
\strutbox@=\box30
\big@size=\dimen105
LaTeX Font Info:    Redeclaring font encoding OML on input line 733.
LaTeX Font Info:    Redeclaring font encoding OMS on input line 734.
\macc@depth=\count95
\c@MaxMatrixCols=\count96
\dotsspace@=\muskip10
\c@parentequation=\count97
\dspbrk@lvl=\count98
\tag@help=\toks16
\row@=\count99
\column@=\count100
\maxfields@=\count101
\andhelp@=\toks17
\eqnshift@=\dimen106
\alignsep@=\dimen107
\tagshift@=\dimen108
\tagwidth@=\dimen109
\totwidth@=\dimen110
\lineht@=\dimen111
\@envbody=\toks18
\multlinegap=\skip59
\multlinetaggap=\skip60
\mathdisplay@stack=\toks19
LaTeX Info: Redefining \[ on input line 2855.
LaTeX Info: Redefining \] on input line 2856.
) (/usr/share/texmf-dist/tex/latex/amsfonts/amssymb.sty
Package: amssymb 2013/01/14 v3.01 AMS font symbols
 (/usr/share/texmf-dist/tex/latex/amsfonts/amsfonts.sty
Package: amsfonts 2013/01/14 v3.01 Basic AMSFonts support
\symAMSa=\mathgroup4
\symAMSb=\mathgroup5
LaTeX Font Info:    Redeclaring math symbol \hbar on input line 98.
LaTeX Font Info:    Overwriting math alphabet `\mathfrak' in version `bold'
(Font)                  U/euf/m/n --> U/euf/b/n on input line 106.
)) (/usr/share/texmf-dist/tex/latex/amscls/amsthm.sty
Package: amsthm 2017/10/31 v2.20.4
\thm@style=\toks20
\thm@bodyfont=\toks21
\thm@headfont=\toks22
\thm@notefont=\toks23
\thm@headpunct=\toks24
\thm@preskip=\skip61
\thm@postskip=\skip62
\thm@headsep=\skip63
\dth@everypar=\toks25
) (/usr/share/texmf-dist/tex/latex/xpatch/xpatch.sty (/usr/share/texmf-dist/tex/latex/l3kernel/expl3.sty
Package: expl3 2019-10-28 L3 programming layer (loader) 
 (/usr/share/texmf-dist/tex/latex/l3kernel/expl3-code.tex
Package: expl3 2019-10-28 L3 programming layer (code)
\c_max_int=\count102
\l_tmpa_int=\count103
\l_tmpb_int=\count104
\g_tmpa_int=\count105
\g_tmpb_int=\count106
\l__seq_internal_a_int=\count107
\l__seq_internal_b_int=\count108
\g__kernel_prg_map_int=\count109
\c__ior_term_noprompt_ior=\count110
\c_log_iow=\count111
\l_iow_line_count_int=\count112
\l__iow_line_target_int=\count113
\l__iow_one_indent_int=\count114
\l__iow_indent_int=\count115
\c_zero_dim=\dimen112
\c_max_dim=\dimen113
\l_tmpa_dim=\dimen114
\l_tmpb_dim=\dimen115
\g_tmpa_dim=\dimen116
\g_tmpb_dim=\dimen117
\c_zero_skip=\skip64
\c_max_skip=\skip65
\l_tmpa_skip=\skip66
\l_tmpb_skip=\skip67
\g_tmpa_skip=\skip68
\g_tmpb_skip=\skip69
\c_zero_muskip=\muskip11
\c_max_muskip=\muskip12
\l_tmpa_muskip=\muskip13
\l_tmpb_muskip=\muskip14
\g_tmpa_muskip=\muskip15
\g_tmpb_muskip=\muskip16
\l_keys_choice_int=\count116
\l__intarray_loop_int=\count117
\c__intarray_sp_dim=\dimen118
\g__intarray_font_int=\count118
\c__fp_leading_shift_int=\count119
\c__fp_middle_shift_int=\count120
\c__fp_trailing_shift_int=\count121
\c__fp_big_leading_shift_int=\count122
\c__fp_big_middle_shift_int=\count123
\c__fp_big_trailing_shift_int=\count124
\c__fp_Bigg_leading_shift_int=\count125
\c__fp_Bigg_middle_shift_int=\count126
\c__fp_Bigg_trailing_shift_int=\count127
\c__kernel_randint_max_int=\count128
\g__fp_array_int=\count129
\l__fp_array_loop_int=\count130
\l__sort_length_int=\count131
\l__sort_min_int=\count132
\l__sort_top_int=\count133
\l__sort_max_int=\count134
\l__sort_true_max_int=\count135
\l__sort_block_int=\count136
\l__sort_begin_int=\count137
\l__sort_end_int=\count138
\l__sort_A_int=\count139
\l__sort_B_int=\count140
\l__sort_C_int=\count141
\l__str_internal_int=\count142
\c__str_replacement_char_int=\count143
\l__tl_analysis_normal_int=\count144
\l__tl_analysis_index_int=\count145
\l__tl_analysis_nesting_int=\count146
\l__tl_analysis_type_int=\count147
\l__regex_internal_a_int=\count148
\l__regex_internal_b_int=\count149
\l__regex_internal_c_int=\count150
\l__regex_balance_int=\count151
\l__regex_group_level_int=\count152
\l__regex_mode_int=\count153
\c__regex_cs_in_class_mode_int=\count154
\c__regex_cs_mode_int=\count155
\l__regex_catcodes_int=\count156
\l__regex_default_catcodes_int=\count157
\c__regex_catcode_D_int=\count158
\c__regex_catcode_S_int=\count159
\c__regex_catcode_L_int=\count160
\c__regex_catcode_O_int=\count161
\c__regex_catcode_A_int=\count162
\c__regex_all_catcodes_int=\count163
\l__regex_show_lines_int=\count164
\l__regex_min_state_int=\count165
\l__regex_max_state_int=\count166
\l__regex_left_state_int=\count167
\l__regex_right_state_int=\count168
\l__regex_capturing_group_int=\count169
\l__regex_min_pos_int=\count170
\l__regex_max_pos_int=\count171
\l__regex_curr_pos_int=\count172
\l__regex_start_pos_int=\count173
\l__regex_success_pos_int=\count174
\l__regex_curr_char_int=\count175
\l__regex_curr_catcode_int=\count176
\l__regex_last_char_int=\count177
\l__regex_case_changed_char_int=\count178
\l__regex_curr_state_int=\count179
\l__regex_step_int=\count180
\l__regex_min_active_int=\count181
\l__regex_max_active_int=\count182
\l__regex_replacement_csnames_int=\count183
\l__regex_match_count_int=\count184
\l__regex_min_submatch_int=\count185
\l__regex_submatch_int=\count186
\l__regex_zeroth_submatch_int=\count187
\g__regex_trace_regex_int=\count188
\c_empty_box=\box31
\l_tmpa_box=\box32
\l_tmpb_box=\box33
\g_tmpa_box=\box34
\g_tmpb_box=\box35
\l__box_top_dim=\dimen119
\l__box_bottom_dim=\dimen120
\l__box_left_dim=\dimen121
\l__box_right_dim=\dimen122
\l__box_top_new_dim=\dimen123
\l__box_bottom_new_dim=\dimen124
\l__box_left_new_dim=\dimen125
\l__box_right_new_dim=\dimen126
\l__box_internal_box=\box36
\l__coffin_internal_box=\box37
\l__coffin_internal_dim=\dimen127
\l__coffin_offset_x_dim=\dimen128
\l__coffin_offset_y_dim=\dimen129
\l__coffin_x_dim=\dimen130
\l__coffin_y_dim=\dimen131
\l__coffin_x_prime_dim=\dimen132
\l__coffin_y_prime_dim=\dimen133
\c_empty_coffin=\box38
\l__coffin_aligned_coffin=\box39
\l__coffin_aligned_internal_coffin=\box40
\l_tmpa_coffin=\box41
\l_tmpb_coffin=\box42
\g_tmpa_coffin=\box43
\g_tmpb_coffin=\box44
\l__coffin_bounding_shift_dim=\dimen134
\l__coffin_left_corner_dim=\dimen135
\l__coffin_right_corner_dim=\dimen136
\l__coffin_bottom_corner_dim=\dimen137
\l__coffin_top_corner_dim=\dimen138
\l__coffin_scaled_total_height_dim=\dimen139
\l__coffin_scaled_width_dim=\dimen140
\c__coffin_empty_coffin=\box45
\l__coffin_display_coffin=\box46
\l__coffin_display_coord_coffin=\box47
\l__coffin_display_pole_coffin=\box48
\l__coffin_display_offset_dim=\dimen141
\l__coffin_display_x_dim=\dimen142
\l__coffin_display_y_dim=\dimen143
\g__char_data_ior=\read1
 (/usr/share/texmf-dist/tex/latex/l3kernel/l3deprecation.def
File: l3deprecation.def 2019-04-06 v L3 Deprecated functions
)) (/usr/share/texmf-dist/tex/latex/l3backend/l3backend-pdfmode.def
File: l3backend-pdfmode.def 2019-04-06 L3 backend support: PDF mode
\l__kernel_color_stack_int=\count189
\l__pdf_internal_box=\box49
))
Package: xpatch 2012/10/02 v0.3 Extending etoolbox patching commands
 (/usr/share/texmf-dist/tex/latex/l3packages/xparse/xparse.sty
Package: xparse 2019-10-11 L3 Experimental document command parser
\l__xparse_current_arg_int=\count190
\g__xparse_grabber_int=\count191
\l__xparse_m_args_int=\count192
\l__xparse_v_nesting_int=\count193
) (/usr/share/texmf-dist/tex/latex/etoolbox/etoolbox.sty
Package: etoolbox 2019/09/21 v2.5h e-TeX tools for LaTeX (JAW)
\etb@tempcnta=\count194
))
Class scrbook Info: amsthm's \deferred@thm@head patched.
 (/usr/share/texmf-dist/tex/latex/subfigure/subfigure.sty
Package: subfigure 2002/03/15 v2.1.5 subfigure package
\subfigtopskip=\skip70
\subfigcapskip=\skip71
\subfigcaptopadj=\dimen144
\subfigbottomskip=\skip72
\subfigcapmargin=\dimen145
\subfiglabelskip=\skip73
\c@subfigure=\count195
\c@lofdepth=\count196
\c@subtable=\count197
\c@lotdepth=\count198

****************************************
* Local config file subfigure.cfg used *
****************************************
(/usr/share/texmf-dist/tex/latex/subfigure/subfigure.cfg)
\subfig@top=\skip74
\subfig@bottom=\skip75
) (/usr/share/texmf-dist/tex/latex/tools/longtable.sty
Package: longtable 2019/02/06 v4.12 Multi-page Table package (DPC)
\LTleft=\skip76
\LTright=\skip77
\LTpre=\skip78
\LTpost=\skip79
\LTchunksize=\count199
\LTcapwidth=\dimen146
\LT@head=\box50
\LT@firsthead=\box51
\LT@foot=\box52
\LT@lastfoot=\box53
\LT@cols=\count266
\LT@rows=\count267
\c@LT@tables=\count268
\c@LT@chunks=\count269
\LT@p@ftn=\toks26
)
Class scrbook Info: longtable captions redefined on input line 6.
 (/usr/share/texmf-dist/tex/latex/caption/caption.sty
Package: caption 2019/09/01 v3.3d Customizing captions (AR)
 (/usr/share/texmf-dist/tex/latex/caption/caption3.sty
Package: caption3 2019/09/01 v1.8d caption3 kernel (AR)
Package caption3 Info: TeX engine: e-TeX on input line 64.
\captionmargin=\dimen147
\captionmargin@=\dimen148
\captionwidth=\dimen149
\caption@tempdima=\dimen150
\caption@indent=\dimen151
\caption@parindent=\dimen152
\caption@hangindent=\dimen153
)
Package caption Info: KOMA-Script document class.
\c@caption@flags=\count270
\c@ContinuedFloat=\count271
Package caption Info: longtable package is loaded.
 (/usr/share/texmf-dist/tex/latex/caption/ltcaption.sty
Package: ltcaption 2018/08/26 v1.4a longtable captions (AR)
)
Package caption Info: subfigure package is loaded.
) (/usr/share/texmf-dist/tex/latex/booktabs/booktabs.sty
Package: booktabs 2019/10/08 v1.6180339 publication quality tables
\heavyrulewidth=\dimen154
\lightrulewidth=\dimen155
\cmidrulewidth=\dimen156
\belowrulesep=\dimen157
\belowbottomsep=\dimen158
\aboverulesep=\dimen159
\abovetopsep=\dimen160
\cmidrulesep=\dimen161
\cmidrulekern=\dimen162
\defaultaddspace=\dimen163
\@cmidla=\count272
\@cmidlb=\count273
\@aboverulesep=\dimen164
\@belowrulesep=\dimen165
\@thisruleclass=\count274
\@lastruleclass=\count275
\@thisrulewidth=\dimen166
) (/usr/share/texmf-dist/tex/latex/graphics/graphicx.sty
Package: graphicx 2017/06/01 v1.1a Enhanced LaTeX Graphics (DPC,SPQR)
 (/usr/share/texmf-dist/tex/latex/graphics/graphics.sty
Package: graphics 2019/10/08 v1.3c Standard LaTeX Graphics (DPC,SPQR)
 (/usr/share/texmf-dist/tex/latex/graphics/trig.sty
Package: trig 2016/01/03 v1.10 sin cos tan (DPC)
) (/usr/share/texmf-dist/tex/latex/graphics-cfg/graphics.cfg
File: graphics.cfg 2016/06/04 v1.11 sample graphics configuration
)
Package graphics Info: Driver file: pdftex.def on input line 105.
 (/usr/share/texmf-dist/tex/latex/graphics-def/pdftex.def
File: pdftex.def 2018/01/08 v1.0l Graphics/color driver for pdftex
))
\Gin@req@height=\dimen167
\Gin@req@width=\dimen168
) (/usr/share/texmf-dist/tex/latex/pdfpages/pdfpages.sty
Package: pdfpages 2019/09/21 v0.5n Insert pages of external PDF documents (AM)
 (/usr/share/texmf-dist/tex/latex/base/ifthen.sty
Package: ifthen 2014/09/29 v1.1c Standard LaTeX ifthen package (DPC)
) (/usr/share/texmf-dist/tex/latex/tools/calc.sty
Package: calc 2017/05/25 v4.3 Infix arithmetic (KKT,FJ)
\calc@Acount=\count276
\calc@Bcount=\count277
\calc@Adimen=\dimen169
\calc@Bdimen=\dimen170
\calc@Askip=\skip80
\calc@Bskip=\skip81
LaTeX Info: Redefining \setlength on input line 80.
LaTeX Info: Redefining \addtolength on input line 81.
\calc@Ccount=\count278
\calc@Cskip=\skip82
) (/usr/share/texmf-dist/tex/latex/eso-pic/eso-pic.sty
Package: eso-pic 2018/04/12 v2.0h eso-pic (RN)
 (/usr/share/texmf-dist/tex/generic/oberdiek/atbegshi.sty
Package: atbegshi 2016/06/09 v1.18 At begin shipout hook (HO)
 (/usr/share/texmf-dist/tex/generic/oberdiek/infwarerr.sty
Package: infwarerr 2016/05/16 v1.4 Providing info/warning/error messages (HO)
) (/usr/share/texmf-dist/tex/generic/oberdiek/ltxcmds.sty
Package: ltxcmds 2016/05/16 v1.23 LaTeX kernel commands for general use (HO)
) (/usr/share/texmf-dist/tex/generic/oberdiek/ifpdf.sty
Package: ifpdf 2018/09/07 v3.3 Provides the ifpdf switch
)) (/usr/share/texmf-dist/tex/latex/xcolor/xcolor.sty
Package: xcolor 2016/05/11 v2.12 LaTeX color extensions (UK)
 (/usr/share/texmf-dist/tex/latex/graphics-cfg/color.cfg
File: color.cfg 2016/01/02 v1.6 sample color configuration
)
Package xcolor Info: Driver file: pdftex.def on input line 225.
Package xcolor Info: Model `cmy' substituted by `cmy0' on input line 1348.
Package xcolor Info: Model `hsb' substituted by `rgb' on input line 1352.
Package xcolor Info: Model `RGB' extended on input line 1364.
Package xcolor Info: Model `HTML' substituted by `rgb' on input line 1366.
Package xcolor Info: Model `Hsb' substituted by `hsb' on input line 1367.
Package xcolor Info: Model `tHsb' substituted by `hsb' on input line 1368.
Package xcolor Info: Model `HSB' substituted by `hsb' on input line 1369.
Package xcolor Info: Model `Gray' substituted by `gray' on input line 1370.
Package xcolor Info: Model `wave' substituted by `hsb' on input line 1371.
))
\AM@pagewidth=\dimen171
\AM@pageheight=\dimen172
 (/usr/share/texmf-dist/tex/latex/pdfpages/pppdftex.def
File: pppdftex.def 2019/09/21 v0.5n Pdfpages driver for pdfTeX (AM)
)
\AM@pagebox=\box54
\AM@global@opts=\toks27
\AM@toc@title=\toks28
\c@AM@survey=\count279
\AM@templatesizebox=\box55
) (/usr/share/texmf-dist/tex/latex/float/float.sty
Package: float 2001/11/08 v1.3d Float enhancements (AL)
\c@float@type=\count280
\float@exts=\toks29
\float@box=\box56
\@float@everytoks=\toks30
\@floatcapt=\box57
) (/usr/share/texmf-dist/tex/latex/oberdiek/epstopdf.sty
Package: epstopdf 2016/05/15 v2.6 Conversion with epstopdf on the fly (HO)
 (/usr/share/texmf-dist/tex/latex/oberdiek/epstopdf-base.sty
Package: epstopdf-base 2016/05/15 v2.6 Base part for package epstopdf
 (/usr/share/texmf-dist/tex/latex/oberdiek/grfext.sty
Package: grfext 2016/05/16 v1.2 Manage graphics extensions (HO)
 (/usr/share/texmf-dist/tex/generic/oberdiek/kvdefinekeys.sty
Package: kvdefinekeys 2016/05/16 v1.4 Define keys (HO)
)) (/usr/share/texmf-dist/tex/latex/oberdiek/kvoptions.sty
Package: kvoptions 2016/05/16 v3.12 Key value format for package options (HO)
 (/usr/share/texmf-dist/tex/generic/oberdiek/kvsetkeys.sty
Package: kvsetkeys 2016/05/16 v1.17 Key value parser (HO)
 (/usr/share/texmf-dist/tex/generic/oberdiek/etexcmds.sty
Package: etexcmds 2016/05/16 v1.6 Avoid name clashes with e-TeX commands (HO)
 (/usr/share/texmf-dist/tex/generic/oberdiek/ifluatex.sty
Package: ifluatex 2016/05/16 v1.4 Provides the ifluatex switch (HO)
Package ifluatex Info: LuaTeX not detected.
)))) (/usr/share/texmf-dist/tex/generic/oberdiek/pdftexcmds.sty
Package: pdftexcmds 2019/07/25 v0.30 Utility functions of pdfTeX for LuaTeX (HO)
Package pdftexcmds Info: LuaTeX not detected.
Package pdftexcmds Info: \pdf@primitive is available.
Package pdftexcmds Info: \pdf@ifprimitive is available.
Package pdftexcmds Info: \pdfdraftmode found.
)
Package epstopdf-base Info: Redefining graphics rule for `.eps' on input line 438.
Package grfext Info: Graphics extension search list:
(grfext)             [.pdf,.png,.jpg,.mps,.jpeg,.jbig2,.jb2,.PDF,.PNG,.JPG,.JPEG,.JBIG2,.JB2,.eps]
(grfext)             \AppendGraphicsExtensions on input line 456.
 (/usr/share/texmf-dist/tex/latex/latexconfig/epstopdf-sys.cfg
File: epstopdf-sys.cfg 2010/07/13 v1.3 Configuration of (r)epstopdf for TeX Live
))) (/usr/share/texmf-dist/tex/latex/listings/listings.sty
\lst@mode=\count281
\lst@gtempboxa=\box58
\lst@token=\toks31
\lst@length=\count282
\lst@currlwidth=\dimen173
\lst@column=\count283
\lst@pos=\count284
\lst@lostspace=\dimen174
\lst@width=\dimen175
\lst@newlines=\count285
\lst@lineno=\count286
\lst@maxwidth=\dimen176
 (/usr/share/texmf-dist/tex/latex/listings/lstmisc.sty
File: lstmisc.sty 2019/09/10 1.8c (Carsten Heinz)
\c@lstnumber=\count287
\lst@skipnumbers=\count288
\lst@framebox=\box59
) (/usr/share/texmf-dist/tex/latex/listings/listings.cfg
File: listings.cfg 2019/09/10 1.8c listings configuration
))
Package: listings 2019/09/10 1.8c (Carsten Heinz)
 (/usr/share/texmf-dist/tex/latex/graphics/rotating.sty
Package: rotating 2016/08/11 v2.16d rotated objects in LaTeX
\c@r@tfl@t=\count289
\rotFPtop=\skip83
\rotFPbot=\skip84
\rot@float@box=\box60
\rot@mess@toks=\toks32
) (/usr/share/texmf-dist/tex/latex/koma-script/scrpage2.sty
Package: scrpage2 2019/10/12 v3.27 KOMA-Script package (page head and foot)


Package scrpage2 Warning: usage of obsolete package!
(scrpage2)                Package `scrpage2' is obsolete.
(scrpage2)                You should not longer use package `scrpage2'.
(scrpage2)                You should replace usage of package `scrpage2'
(scrpage2)                by `scrlayer-scrpage' on input line 52.


Package scrpage2 Warning: deprecated passing option `headinclude' to scrpage2.
(scrpage2)                If you are using package typearea or
(scrpage2)                a KOMA-Script class since version 3.00
(scrpage2)                you may use `\KOMAoptions{headinclude}' and
(scrpage2)                remove passing `headinclude' to scrpage2.

LaTeX Info: Redefining \pagemark on input line 180.
) (/usr/share/texmf-dist/tex/latex/psnfss/times.sty
Package: times 2005/04/12 PSNFSS-v9.2a (SPQR) 
) (/usr/share/texmf-dist/tex/latex/psnfss/helvet.sty
Package: helvet 2005/04/12 PSNFSS-v9.2a (WaS) 
) (/usr/share/texmf-dist/tex/latex/base/fontenc.sty
Package: fontenc 2018/08/11 v2.0j Standard LaTeX package
 (/usr/share/texmf-dist/tex/latex/base/t1enc.def
File: t1enc.def 2018/08/11 v2.0j Standard LaTeX file
LaTeX Font Info:    Redeclaring font encoding T1 on input line 48.
)) (/usr/share/texmf-dist/tex/latex/hyperref/hyperref.sty
Package: hyperref 2019/09/28 v7.00a Hypertext links for LaTeX
 (/usr/share/texmf-dist/tex/generic/oberdiek/hobsub-hyperref.sty
Package: hobsub-hyperref 2016/05/16 v1.14 Bundle oberdiek, subset hyperref (HO)
 (/usr/share/texmf-dist/tex/generic/oberdiek/hobsub-generic.sty
Package: hobsub-generic 2016/05/16 v1.14 Bundle oberdiek, subset generic (HO)
Package: hobsub 2016/05/16 v1.14 Construct package bundles (HO)
Package hobsub Info: Skipping package `infwarerr' (already loaded).
Package hobsub Info: Skipping package `ltxcmds' (already loaded).
Package hobsub Info: Skipping package `ifluatex' (already loaded).
Package: ifvtex 2016/05/16 v1.6 Detect VTeX and its facilities (HO)
Package ifvtex Info: VTeX not detected.
Package: intcalc 2016/05/16 v1.2 Expandable calculations with integers (HO)
Package hobsub Info: Skipping package `ifpdf' (already loaded).
Package hobsub Info: Skipping package `etexcmds' (already loaded).
Package hobsub Info: Skipping package `kvsetkeys' (already loaded).
Package hobsub Info: Skipping package `kvdefinekeys' (already loaded).
Package hobsub Info: Skipping package `pdftexcmds' (already loaded).
Package: pdfescape 2016/05/16 v1.14 Implements pdfTeX's escape features (HO)
Package: bigintcalc 2016/05/16 v1.4 Expandable calculations on big integers (HO)
Package: bitset 2016/05/16 v1.2 Handle bit-vector datatype (HO)
Package: uniquecounter 2016/05/16 v1.3 Provide unlimited unique counter (HO)
)
Package hobsub Info: Skipping package `hobsub' (already loaded).
Package: letltxmacro 2016/05/16 v1.5 Let assignment for LaTeX macros (HO)
Package: hopatch 2016/05/16 v1.3 Wrapper for package hooks (HO)
Package: xcolor-patch 2016/05/16 xcolor patch
Package: atveryend 2016/05/16 v1.9 Hooks at the very end of document (HO)
Package hobsub Info: Skipping package `atbegshi' (already loaded).
Package: refcount 2016/05/16 v3.5 Data extraction from label references (HO)
Package: hycolor 2016/05/16 v1.8 Color options for hyperref/bookmark (HO)
) (/usr/share/texmf-dist/tex/generic/ifxetex/ifxetex.sty
Package: ifxetex 2010/09/12 v0.6 Provides ifxetex conditional
) (/usr/share/texmf-dist/tex/latex/oberdiek/auxhook.sty
Package: auxhook 2016/05/16 v1.4 Hooks for auxiliary files (HO)
)
\@linkdim=\dimen177
\Hy@linkcounter=\count290
\Hy@pagecounter=\count291
 (/usr/share/texmf-dist/tex/latex/hyperref/pd1enc.def
File: pd1enc.def 2019/09/28 v7.00a Hyperref: PDFDocEncoding definition (HO)
Now handling font encoding PD1 ...
... no UTF-8 mapping file for font encoding PD1
)
\Hy@SavedSpaceFactor=\count292
 (/usr/share/texmf-dist/tex/latex/latexconfig/hyperref.cfg
File: hyperref.cfg 2002/06/06 v1.2 hyperref configuration of TeXLive
)

Package hyperref Warning: Option `a4paper' is no longer used.

Package hyperref Info: Option `bookmarks' set `true' on input line 4414.
Package hyperref Info: Option `bookmarksopen' set `true' on input line 4414.
Package hyperref Info: Option `bookmarksnumbered' set `true' on input line 4414.
Package hyperref Info: Option `colorlinks' set `true' on input line 4414.
Package hyperref Info: Option `breaklinks' set `true' on input line 4414.
Package hyperref Info: Option `pageanchor' set `true' on input line 4414.
Package hyperref Info: Option `plainpages' set `false' on input line 4414.
Package hyperref Info: Option `pdfpagelabels' set `true' on input line 4414.
Package hyperref Info: Hyper figures OFF on input line 4540.
Package hyperref Info: Link nesting OFF on input line 4545.
Package hyperref Info: Hyper index ON on input line 4548.
Package hyperref Info: Plain pages OFF on input line 4555.
Package hyperref Info: Backreferencing OFF on input line 4560.
Package hyperref Info: Implicit mode ON; LaTeX internals redefined.
Package hyperref Info: Bookmarks ON on input line 4793.
\c@Hy@tempcnt=\count293
(/usr/share/texmf-dist/tex/latex/url/url.sty
\Urlmuskip=\muskip17
Package: url 2013/09/16  ver 3.4  Verb mode for urls, etc.
)
LaTeX Info: Redefining \url on input line 5152.
\XeTeXLinkMargin=\dimen178
\Fld@menulength=\count294
\Field@Width=\dimen179
\Fld@charsize=\dimen180
Package hyperref Info: Hyper figures OFF on input line 6423.
Package hyperref Info: Link nesting OFF on input line 6428.
Package hyperref Info: Hyper index ON on input line 6431.
Package hyperref Info: backreferencing OFF on input line 6438.
Package hyperref Info: Link coloring ON on input line 6441.
Package hyperref Info: Link coloring with OCG OFF on input line 6448.
Package hyperref Info: PDF/A mode OFF on input line 6453.
LaTeX Info: Redefining \ref on input line 6493.
LaTeX Info: Redefining \pageref on input line 6497.
\Hy@abspage=\count295
\c@Item=\count296
\c@Hfootnote=\count297
)
Package hyperref Info: Driver: hpdftex.
 (/usr/share/texmf-dist/tex/latex/hyperref/hpdftex.def
File: hpdftex.def 2019/09/28 v7.00a Hyperref driver for pdfTeX
\Fld@listcount=\count298
\c@bookmark@seq@number=\count299
 (/usr/share/texmf-dist/tex/latex/oberdiek/rerunfilecheck.sty
Package: rerunfilecheck 2016/05/16 v1.8 Rerun checks for auxiliary files (HO)
Package uniquecounter Info: New unique counter `rerunfilecheck' on input line 282.
)
\Hy@SectionHShift=\skip85
) (./chapters/preamble.tex) (./chapters/bibpre.tex
\bibhang=\skip86
) (/home/frankie/WebstormProjects/bachelor-thesis/ReportKNOBELF/thesis.aux)
\openout1 = `thesis.aux'.

LaTeX Font Info:    Checking defaults for OML/cmm/m/it on input line 160.
LaTeX Font Info:    ... okay on input line 160.
LaTeX Font Info:    Checking defaults for T1/cmr/m/n on input line 160.
LaTeX Font Info:    ... okay on input line 160.
LaTeX Font Info:    Checking defaults for OT1/cmr/m/n on input line 160.
LaTeX Font Info:    ... okay on input line 160.
LaTeX Font Info:    Checking defaults for OMS/cmsy/m/n on input line 160.
LaTeX Font Info:    ... okay on input line 160.
LaTeX Font Info:    Checking defaults for OMX/cmex/m/n on input line 160.
LaTeX Font Info:    ... okay on input line 160.
LaTeX Font Info:    Checking defaults for U/cmr/m/n on input line 160.
LaTeX Font Info:    ... okay on input line 160.
LaTeX Font Info:    Checking defaults for PD1/pdf/m/n on input line 160.
LaTeX Font Info:    ... okay on input line 160.
LaTeX Font Info:    Trying to load font information for T1+ptm on input line 160.
 (/usr/share/texmf-dist/tex/latex/psnfss/t1ptm.fd
File: t1ptm.fd 2001/06/04 font definitions for T1/ptm.
)
Package scrbase Info: activating english \contentsname on input line 160.
Package scrbase Info: activating english \listfigurename on input line 160.
Package scrbase Info: activating english \listtablename on input line 160.
Package caption Info: Begin \AtBeginDocument code.
Package caption Info: float package is loaded.
Package caption Info: hyperref package is loaded.
Package caption Info: listings package is loaded.
Package caption Info: rotating package is loaded.
Package caption Info: End \AtBeginDocument code.
 (/usr/share/texmf-dist/tex/context/base/mkii/supp-pdf.mkii
[Loading MPS to PDF converter (version 2006.09.02).]
\scratchcounter=\count300
\scratchdimen=\dimen181
\scratchbox=\box61
\nofMPsegments=\count301
\nofMParguments=\count302
\everyMPshowfont=\toks33
\MPscratchCnt=\count303
\MPscratchDim=\dimen182
\MPnumerator=\count304
\makeMPintoPDFobject=\count305
\everyMPtoPDFconversion=\toks34
)
\AtBeginShipoutBox=\box62
 (/usr/share/texmf-dist/tex/latex/oberdiek/pdflscape.sty
Package: pdflscape 2016/05/14 v0.11 Display of landscape pages in PDF (HO)
 (/usr/share/texmf-dist/tex/latex/graphics/lscape.sty
Package: lscape 2000/10/22 v3.01 Landscape Pages (DPC)
)
Package pdflscape Info: Auto-detected driver: pdftex on input line 81.
)
\c@lstlisting=\count306
Package hyperref Info: Link coloring ON on input line 160.
 (/usr/share/texmf-dist/tex/latex/hyperref/nameref.sty
Package: nameref 2019/09/16 v2.46 Cross-referencing by name of section
 (/usr/share/texmf-dist/tex/generic/oberdiek/gettitlestring.sty
Package: gettitlestring 2016/05/16 v1.5 Cleanup title references (HO)
)
\c@section@level=\count307
)
LaTeX Info: Redefining \ref on input line 160.
LaTeX Info: Redefining \pageref on input line 160.
LaTeX Info: Redefining \nameref on input line 160.
 (/home/frankie/WebstormProjects/bachelor-thesis/ReportKNOBELF/thesis.out) (/home/frankie/WebstormProjects/bachelor-thesis/ReportKNOBELF/thesis.out)
\@outlinefile=\write3
\openout3 = `thesis.out'.

Class scrbook Info: loading recommended package `bookmark'.
(scrbook)           Using `bookmark' together with `hyperref' is recommended,
(scrbook)           because of handling of possible bookmark level gaps.
(scrbook)           You can avoid loading `bookmark' with KOMA-Script option
(scrbook)           `bookmarkpackage=false' before \begin{document} and
(scrbook)           you can avoid this message adding:
(scrbook)             \usepackage{bookmark}
(scrbook)           before \begin{document} on input line 160.
 (/usr/share/texmf-dist/tex/latex/oberdiek/bookmark.sty
Package: bookmark 2019/06/04 v1.27 PDF bookmarks (HO)
 (/usr/share/texmf-dist/tex/latex/oberdiek/bkm-pdftex.def
File: bkm-pdftex.def 2019/06/04 v1.27 bookmark driver for pdfTeX (HO)
Package auxhook Info: \AddLineBeginMainAux comes a little late,
(auxhook)             because the main .aux file is already opened on input line 164.
\BKM@id=\count308
)) (./chapters/studchapter.tex)
LaTeX Font Info:    Font shape `T1/ptm/bx/n' in size <24.88> not available
(Font)              Font shape `T1/ptm/b/n' tried instead on input line 197.
LaTeX Font Info:    Trying to load font information for T1+phv on input line 197.
 (/usr/share/texmf-dist/tex/latex/psnfss/t1phv.fd
File: t1phv.fd 2001/06/04 scalable font definitions for T1/phv.
)
LaTeX Font Info:    Font shape `T1/phv/bx/n' in size <24.88> not available
(Font)              Font shape `T1/phv/b/n' tried instead on input line 197.
<figures/title.png, id=4, 1927.2pt x 1084.05pt>
File: figures/title.png Graphic file (type png)
<use figures/title.png>
Package pdftex.def Info: figures/title.png  used on input line 198.
(pdftex.def)             Requested size: 364.24236pt x 204.87991pt.
LaTeX Font Info:    Font shape `T1/phv/m/it' in size <14.4> not available
(Font)              Font shape `T1/phv/m/sl' tried instead on input line 209.
Package epstopdf Info: Source file: <figures/eth_logo_kurz_pos.eps>
(epstopdf)                    date: 2014-02-25 14:58:28
(epstopdf)                    size: 402954 bytes
(epstopdf)             Output file: <figures/eth_logo_kurz_pos-eps-converted-to.pdf>
(epstopdf)                    date: 2014-02-25 14:58:28
(epstopdf)                    size: 13480 bytes
(epstopdf)             Command: <repstopdf --outfile=figures/eth_logo_kurz_pos-eps-converted-to.pdf figures/eth_logo_kurz_pos.eps>
(epstopdf)             \includegraphics on input line 215.
Package epstopdf Info: Output file is already uptodate.
<figures/eth_logo_kurz_pos-eps-converted-to.pdf, id=7, 141.52875pt x 23.08624pt>
File: figures/eth_logo_kurz_pos-eps-converted-to.pdf Graphic file (type pdf)
<use figures/eth_logo_kurz_pos-eps-converted-to.pdf>
Package pdftex.def Info: figures/eth_logo_kurz_pos-eps-converted-to.pdf  used on input line 215.
(pdftex.def)             Requested size: 139.54376pt x 22.76228pt.
 [1


{/var/lib/texmf/fonts/map/pdftex/updmap/pdftex.map} </home/frankie/WebstormProjects/bachelor-thesis/ReportKNOBELF/figures/title.png> </home/frankie/WebstormProjects/bachelor-thesis/ReportKNOBELF/figures/eth_logo_kurz_pos-eps-converted-to.pdf>] [2

] (./chapters/abstract.tex
LaTeX Font Info:    Font shape `T1/phv/bx/n' in size <12> not available
(Font)              Font shape `T1/phv/b/n' tried instead on input line 3.
) (./chapters/acknowledgment.tex [1

] [2

]) [3] [4

] (/home/frankie/WebstormProjects/bachelor-thesis/ReportKNOBELF/thesis.toc
LaTeX Font Info:    Trying to load font information for U+msa on input line 2.
 (/usr/share/texmf-dist/tex/latex/amsfonts/umsa.fd
File: umsa.fd 2013/01/14 v3.01 AMS symbols A
)
LaTeX Font Info:    Trying to load font information for U+msb on input line 2.
 (/usr/share/texmf-dist/tex/latex/amsfonts/umsb.fd
File: umsb.fd 2013/01/14 v3.01 AMS symbols B
) [5


])
\tf@toc=\write4
\openout4 = `thesis.toc'.

 [6] (./chapters/ch01-introduction.texpdfTeX warning (ext4): destination with the same identifier (name{page.1}) has been already used, duplicate ignored
<to be read again> 
                   \relax 
l.7 \chapter
            {Introduction} [1

]pdfTeX warning (ext4): destination with the same identifier (name{page.2}) has been already used, duplicate ignored
<to be read again> 
                   \relax 
l.7 \chapter
            {Introduction} [2

]
chapter 1.

Class scrbook Warning: \float@addtolists detected!
(scrbook)              Implementation of \float@addtolist became
(scrbook)              deprecated in KOMA-Script v3.01 2008/11/14 and
(scrbook)              has been replaced by several more flexible
(scrbook)              features of package `tocbasic`.
(scrbook)              Since Version 3.12 support for deprecated
(scrbook)              \float@addtolist interface has been
(scrbook)              restricted to only some of the KOMA-Script
(scrbook)              features and been removed from others.
(scrbook)              Loading of package `scrhack' may help to
(scrbook)              avoid this warning, if you are using a
(scrbook)              a package that still implements the
(scrbook)              deprecated \float@addtolist interface .

LaTeX Font Info:    Font shape `T1/phv/bx/n' in size <17.28> not available
(Font)              Font shape `T1/phv/b/n' tried instead on input line 10.

Underfull \vbox (badness 1127) has occurred while \output is active []

LaTeX Font Info:    Font shape `T1/phv/bx/n' in size <100> not available
(Font)              Font shape `T1/phv/b/n' tried instead on input line 59.

Overfull \hbox (2.28006pt too wide) has occurred while \output is active
[]|[] []
 []


Overfull \vbox (459.06232pt too high) has occurred while \output is active []

 [3]) (./chapters/ch02-relatedwork.tex [4]
chapter 2.

Overfull \hbox (2.28006pt too wide) has occurred while \output is active
[]|[] []
 []


Overfull \vbox (459.06232pt too high) has occurred while \output is active []

 [5

]) (./chapters/ch03-requirements.tex [6]
chapter 3.

Underfull \vbox (badness 10000) has occurred while \output is active []


Overfull \hbox (2.28006pt too wide) has occurred while \output is active
[]|[] []
 []


Overfull \vbox (459.06232pt too high) has occurred while \output is active []

 [7

]) (./chapters/ch04-design.tex [8]
chapter 4.
LaTeX Font Info:    Font shape `T1/ptm/bx/n' in size <12> not available
(Font)              Font shape `T1/ptm/b/n' tried instead on input line 18.

LaTeX Warning: Reference `TODO' on page 9 undefined on input line 18.


LaTeX Warning: Reference `TODO' on page 9 undefined on input line 18.


LaTeX Warning: Reference `TODO' on page 9 undefined on input line 18.


LaTeX Warning: Reference `TODO' on page 9 undefined on input line 19.


LaTeX Warning: Reference `TODO' on page 9 undefined on input line 21.


LaTeX Warning: Reference `TODO' on page 9 undefined on input line 21.

LaTeX Font Info:    Font shape `T1/phv/bx/n' in size <14.4> not available
(Font)              Font shape `T1/phv/b/n' tried instead on input line 24.
LaTeX Font Info:    Font shape `T1/ptm/bx/sl' in size <10.95> not available
(Font)              Font shape `T1/ptm/b/sl' tried instead on input line 28.
LaTeX Font Info:    Trying to load font information for T1+pcr on input line 28.
(/usr/share/texmf-dist/tex/latex/psnfss/t1pcr.fd
File: t1pcr.fd 2001/06/04 font definitions for T1/pcr.
)
LaTeX Font Info:    Font shape `T1/pcr/bx/n' in size <10> not available
(Font)              Font shape `T1/pcr/b/n' tried instead on input line 29.

Overfull \hbox (2.28006pt too wide) has occurred while \output is active
[]|[] []
 []


Overfull \vbox (459.06232pt too high) has occurred while \output is active []

 [9

]
Underfull \vbox (badness 10000) has occurred while \output is active []

 [10]
<figures/lifecycle.png, id=293, 584.1825pt x 354.57469pt>
File: figures/lifecycle.png Graphic file (type png)
<use figures/lifecycle.png>
Package pdftex.def Info: figures/lifecycle.png  used on input line 111.
(pdftex.def)             Requested size: 364.24236pt x 221.08923pt.
LaTeX Font Info:    Font shape `T1/ptm/bx/n' in size <10.95> not available
(Font)              Font shape `T1/ptm/b/n' tried instead on input line 112.


LaTeX Warning: Reference `TODO' on page 11 undefined on input line 112.


LaTeX Warning: Reference `TODO' on page 11 undefined on input line 112.

[11 </home/frankie/WebstormProjects/bachelor-thesis/ReportKNOBELF/figures/lifecycle.png>]
LaTeX Font Info:    Trying to load font information for OMS+ptm on input line 126.
 (/usr/share/texmf-dist/tex/latex/psnfss/omsptm.fd
File: omsptm.fd 
)
LaTeX Font Info:    Font shape `OMS/ptm/m/n' in size <12> not available
(Font)              Font shape `OMS/cmsy/m/n' tried instead on input line 126.
 [12]

LaTeX Warning: Reference `TODO' on page 13 undefined on input line 166.


LaTeX Warning: Reference `TODO' on page 13 undefined on input line 167.


LaTeX Warning: Reference `TODO' on page 13 undefined on input line 167.

[13]
Underfull \vbox (badness 10000) has occurred while \output is active []

 [14] [15] [16] [17]

LaTeX Warning: Reference `TODO' on page 18 undefined on input line 404.


LaTeX Warning: Reference `TODO' on page 18 undefined on input line 410.

<figures/spreadsheet.png, id=521, 1456.9632pt x 409.7709pt>
File: figures/spreadsheet.png Graphic file (type png)
<use figures/spreadsheet.png>
Package pdftex.def Info: figures/spreadsheet.png  used on input line 415.
(pdftex.def)             Requested size: 455.30121pt x 128.05309pt.
[18 </home/frankie/WebstormProjects/bachelor-thesis/ReportKNOBELF/figures/spreadsheet.png

pdfTeX warning: pdflatex (file /home/frankie/WebstormProjects/bachelor-thesis/ReportKNOBELF/figures/spreadsheet.png): large interlaced PNG might cause out of memory (use non-interlaced PNG to fix this)
>] [19]
<figures/setexample.png, id=539, 1297.84875pt x 955.57pt>
File: figures/setexample.png Graphic file (type png)
<use figures/setexample.png>
Package pdftex.def Info: figures/setexample.png  used on input line 488.
(pdftex.def)             Requested size: 364.24236pt x 268.17017pt.
 [20 </home/frankie/WebstormProjects/bachelor-thesis/ReportKNOBELF/figures/setexample.png>]
File: figures/setexample.png Graphic file (type png)
<use figures/setexample.png>
Package pdftex.def Info: figures/setexample.png  used on input line 514.
(pdftex.def)             Requested size: 364.24236pt x 268.17017pt.
 [21]
<figures/statediagram.png, id=551, 1646.15pt x 200.75pt>
File: figures/statediagram.png Graphic file (type png)
<use figures/statediagram.png>
Package pdftex.def Info: figures/statediagram.png  used on input line 548.
(pdftex.def)             Requested size: 455.30121pt x 55.52345pt.
 [22 </home/frankie/WebstormProjects/bachelor-thesis/ReportKNOBELF/figures/statediagram.png>] [23] [24]
<figures/easylevelicon.png, id=640, 903.375pt x 602.25pt>
File: figures/easylevelicon.png Graphic file (type png)
<use figures/easylevelicon.png>
Package pdftex.def Info: figures/easylevelicon.png  used on input line 715.
(pdftex.def)             Requested size: 91.05884pt x 60.69719pt.
 [25]
<figures/mediumlevelicon.png, id=666, 1204.5pt x 1204.5pt>
File: figures/mediumlevelicon.png Graphic file (type png)
<use figures/mediumlevelicon.png>
Package pdftex.def Info: figures/mediumlevelicon.png  used on input line 722.
(pdftex.def)             Requested size: 91.05884pt x 91.05038pt.
<figures/hardlevelicon.png, id=667, 1652.1725pt x 2409.0pt>
File: figures/hardlevelicon.png Graphic file (type png)
<use figures/hardlevelicon.png>
Package pdftex.def Info: figures/hardlevelicon.png  used on input line 729.
(pdftex.def)             Requested size: 91.05884pt x 132.77109pt.
 [26 </home/frankie/WebstormProjects/bachelor-thesis/ReportKNOBELF/figures/easylevelicon.png> </home/frankie/WebstormProjects/bachelor-thesis/ReportKNOBELF/figures/mediumlevelicon.png> </home/frankie/WebstormProjects/bachelor-thesis/ReportKNOBELF/figures/hardlevelicon.png>]
Underfull \vbox (badness 10000) has occurred while \output is active []

 [27] [28] [29] [30] [31]

LaTeX Warning: Hyper reference `ref:scorestorage' on page 32 undefined on input line 987.

<figures/loadingscreen.png, id=877, 1927.2pt x 1084.05pt>
File: figures/loadingscreen.png Graphic file (type png)
<use figures/loadingscreen.png>
Package pdftex.def Info: figures/loadingscreen.png  used on input line 994.
(pdftex.def)             Requested size: 455.30121pt x 256.09163pt.

Underfull \vbox (badness 10000) has occurred while \output is active []

 [32]
<figures/welcomescreen.png, id=898, 1927.2pt x 1084.05pt>
File: figures/welcomescreen.png Graphic file (type png)
<use figures/welcomescreen.png>
Package pdftex.def Info: figures/welcomescreen.png  used on input line 1001.
(pdftex.def)             Requested size: 455.30121pt x 256.09163pt.
<figures/levelmenu.png, id=899, 1927.2pt x 1084.05pt>
File: figures/levelmenu.png Graphic file (type png)
<use figures/levelmenu.png>
Package pdftex.def Info: figures/levelmenu.png  used on input line 1008.
(pdftex.def)             Requested size: 455.30121pt x 256.09163pt.

Underfull \vbox (badness 10000) has occurred while \output is active []

 [33 </home/frankie/WebstormProjects/bachelor-thesis/ReportKNOBELF/figures/loadingscreen.png> </home/frankie/WebstormProjects/bachelor-thesis/ReportKNOBELF/figures/welcomescreen.png>]
<figures/levelmenustars.png, id=909, 1927.2pt x 1084.05pt>
File: figures/levelmenustars.png Graphic file (type png)
<use figures/levelmenustars.png>
Package pdftex.def Info: figures/levelmenustars.png  used on input line 1015.
(pdftex.def)             Requested size: 455.30121pt x 256.09163pt.
<figures/sortingscene1.png, id=910, 1927.2pt x 1084.05pt>
File: figures/sortingscene1.png Graphic file (type png)
<use figures/sortingscene1.png>
Package pdftex.def Info: figures/sortingscene1.png  used on input line 1022.
(pdftex.def)             Requested size: 455.30121pt x 256.09163pt.

Underfull \vbox (badness 10000) has occurred while \output is active []

 [34 </home/frankie/WebstormProjects/bachelor-thesis/ReportKNOBELF/figures/levelmenu.png> </home/frankie/WebstormProjects/bachelor-thesis/ReportKNOBELF/figures/levelmenustars.png>]
<figures/sortingscene2.png, id=919, 1927.2pt x 1084.05pt>
File: figures/sortingscene2.png Graphic file (type png)
<use figures/sortingscene2.png>
Package pdftex.def Info: figures/sortingscene2.png  used on input line 1029.
(pdftex.def)             Requested size: 455.30121pt x 256.09163pt.
<figures/sortingscene3.png, id=920, 1927.2pt x 1084.05pt>
File: figures/sortingscene3.png Graphic file (type png)
<use figures/sortingscene3.png>
Package pdftex.def Info: figures/sortingscene3.png  used on input line 1036.
(pdftex.def)             Requested size: 455.30121pt x 256.09163pt.

Underfull \vbox (badness 10000) has occurred while \output is active []

 [35 </home/frankie/WebstormProjects/bachelor-thesis/ReportKNOBELF/figures/sortingscene1.png> </home/frankie/WebstormProjects/bachelor-thesis/ReportKNOBELF/figures/sortingscene2.png>]
<figures/sortingscene4.png, id=930, 1927.2pt x 1084.05pt>
File: figures/sortingscene4.png Graphic file (type png)
<use figures/sortingscene4.png>
Package pdftex.def Info: figures/sortingscene4.png  used on input line 1043.
(pdftex.def)             Requested size: 455.30121pt x 256.09163pt.
<figures/sortingscene5.png, id=931, 1927.2pt x 1084.05pt>
File: figures/sortingscene5.png Graphic file (type png)
<use figures/sortingscene5.png>
Package pdftex.def Info: figures/sortingscene5.png  used on input line 1050.
(pdftex.def)             Requested size: 455.30121pt x 256.09163pt.

Underfull \vbox (badness 10000) has occurred while \output is active []

 [36 </home/frankie/WebstormProjects/bachelor-thesis/ReportKNOBELF/figures/sortingscene3.png> </home/frankie/WebstormProjects/bachelor-thesis/ReportKNOBELF/figures/sortingscene4.png>]
<figures/introduction.png, id=940, 1927.2pt x 1084.05pt>
File: figures/introduction.png Graphic file (type png)
<use figures/introduction.png>
Package pdftex.def Info: figures/introduction.png  used on input line 1057.
(pdftex.def)             Requested size: 455.30121pt x 256.09163pt.
<figures/property1.png, id=941, 1927.2pt x 1084.05pt>
File: figures/property1.png Graphic file (type png)
<use figures/property1.png>
Package pdftex.def Info: figures/property1.png  used on input line 1064.
(pdftex.def)             Requested size: 455.30121pt x 256.09163pt.

Underfull \vbox (badness 10000) has occurred while \output is active []

 [37 </home/frankie/WebstormProjects/bachelor-thesis/ReportKNOBELF/figures/sortingscene5.png> </home/frankie/WebstormProjects/bachelor-thesis/ReportKNOBELF/figures/introduction.png>]
<figures/property2.png, id=950, 1927.2pt x 1084.05pt>
File: figures/property2.png Graphic file (type png)
<use figures/property2.png>
Package pdftex.def Info: figures/property2.png  used on input line 1071.
(pdftex.def)             Requested size: 455.30121pt x 256.09163pt.
<figures/property3.png, id=951, 1927.2pt x 1084.05pt>
File: figures/property3.png Graphic file (type png)
<use figures/property3.png>
Package pdftex.def Info: figures/property3.png  used on input line 1078.
(pdftex.def)             Requested size: 455.30121pt x 256.09163pt.

Underfull \vbox (badness 10000) has occurred while \output is active []

 [38 </home/frankie/WebstormProjects/bachelor-thesis/ReportKNOBELF/figures/property1.png> </home/frankie/WebstormProjects/bachelor-thesis/ReportKNOBELF/figures/property2.png>]
<figures/property4.png, id=960, 1927.2pt x 1084.05pt>
File: figures/property4.png Graphic file (type png)
<use figures/property4.png>
Package pdftex.def Info: figures/property4.png  used on input line 1085.
(pdftex.def)             Requested size: 455.30121pt x 256.09163pt.
<figures/falling.png, id=961, 1927.2pt x 1084.05pt>
File: figures/falling.png Graphic file (type png)
<use figures/falling.png>
Package pdftex.def Info: figures/falling.png  used on input line 1092.
(pdftex.def)             Requested size: 455.30121pt x 256.09163pt.

Underfull \vbox (badness 10000) has occurred while \output is active []

 [39 </home/frankie/WebstormProjects/bachelor-thesis/ReportKNOBELF/figures/property3.png> </home/frankie/WebstormProjects/bachelor-thesis/ReportKNOBELF/figures/property4.png>]
<figures/restricted1.png, id=970, 1927.2pt x 1084.05pt>
File: figures/restricted1.png Graphic file (type png)
<use figures/restricted1.png>
Package pdftex.def Info: figures/restricted1.png  used on input line 1099.
(pdftex.def)             Requested size: 455.30121pt x 256.09163pt.
<figures/restricted2.png, id=971, 1927.2pt x 1084.05pt>
File: figures/restricted2.png Graphic file (type png)
<use figures/restricted2.png>
Package pdftex.def Info: figures/restricted2.png  used on input line 1106.
(pdftex.def)             Requested size: 455.30121pt x 256.09163pt.

Underfull \vbox (badness 10000) has occurred while \output is active []

 [40 </home/frankie/WebstormProjects/bachelor-thesis/ReportKNOBELF/figures/falling.png> </home/frankie/WebstormProjects/bachelor-thesis/ReportKNOBELF/figures/restricted1.png>]
<figures/introgame.png, id=980, 1927.2pt x 1084.05pt>
File: figures/introgame.png Graphic file (type png)
<use figures/introgame.png>
Package pdftex.def Info: figures/introgame.png  used on input line 1113.
(pdftex.def)             Requested size: 455.30121pt x 256.09163pt.
<figures/gameasy.png, id=981, 1927.2pt x 1084.05pt>
File: figures/gameasy.png Graphic file (type png)
<use figures/gameasy.png>
Package pdftex.def Info: figures/gameasy.png  used on input line 1120.
(pdftex.def)             Requested size: 455.30121pt x 256.09163pt.

Underfull \vbox (badness 10000) has occurred while \output is active []

 [41 </home/frankie/WebstormProjects/bachelor-thesis/ReportKNOBELF/figures/restricted2.png> </home/frankie/WebstormProjects/bachelor-thesis/ReportKNOBELF/figures/introgame.png>]
<figures/gameeasyhelp.png, id=991, 1927.2pt x 1084.05pt>
File: figures/gameeasyhelp.png Graphic file (type png)
<use figures/gameeasyhelp.png>
Package pdftex.def Info: figures/gameeasyhelp.png  used on input line 1127.
(pdftex.def)             Requested size: 455.30121pt x 256.09163pt.
<figures/gamehard.png, id=992, 1927.2pt x 1084.05pt>
File: figures/gamehard.png Graphic file (type png)
<use figures/gamehard.png>
Package pdftex.def Info: figures/gamehard.png  used on input line 1134.
(pdftex.def)             Requested size: 455.30121pt x 256.09163pt.

Underfull \vbox (badness 10000) has occurred while \output is active []

 [42 </home/frankie/WebstormProjects/bachelor-thesis/ReportKNOBELF/figures/gameasy.png> </home/frankie/WebstormProjects/bachelor-thesis/ReportKNOBELF/figures/gameeasyhelp.png>]
<figures/gamehardhelp.png, id=1001, 1927.2pt x 1084.05pt>
File: figures/gamehardhelp.png Graphic file (type png)
<use figures/gamehardhelp.png>
Package pdftex.def Info: figures/gamehardhelp.png  used on input line 1141.
(pdftex.def)             Requested size: 455.30121pt x 256.09163pt.
<figures/scorescreen.png, id=1002, 1927.2pt x 1084.05pt>
File: figures/scorescreen.png Graphic file (type png)
<use figures/scorescreen.png>
Package pdftex.def Info: figures/scorescreen.png  used on input line 1148.
(pdftex.def)             Requested size: 455.30121pt x 256.09163pt.
) (./chapters/ch05-evaluation.tex
Underfull \vbox (badness 10000) has occurred while \output is active []

 [43 </home/frankie/WebstormProjects/bachelor-thesis/ReportKNOBELF/figures/gamehard.png> </home/frankie/WebstormProjects/bachelor-thesis/ReportKNOBELF/figures/gamehardhelp.png>] [44 </home/frankie/WebstormProjects/bachelor-thesis/ReportKNOBELF/figures/scorescreen.png>]
chapter 5.

Overfull \hbox (2.28006pt too wide) has occurred while \output is active
[]|[] []
 []


Overfull \vbox (459.06232pt too high) has occurred while \output is active []

 [45

]) (./chapters/ch06-conclusion.tex [46]
chapter 6.
)
Overfull \hbox (2.28006pt too wide) has occurred while \output is active
[]|[] []
 []


Overfull \vbox (431.27501pt too high) has occurred while \output is active []

 [47

] [48



] (/home/frankie/WebstormProjects/bachelor-thesis/ReportKNOBELF/thesis.bbl

LaTeX Warning: Empty `thebibliography' environment or \BreakBibliography
               before end of `thebibliography' environment on input line 3.

)

pdfTeX warning: pdflatex (file /home/frankie/WebstormProjects/bachelor-thesis/ReportKNOBELF/pdf/originality.pdf): PDF inclusion: found PDF version <1.6>, but at most version <1.5> allowed
<pdf/originality.pdf, id=1034, 597.55246pt x 845.07718pt>
File: pdf/originality.pdf Graphic file (type pdf)
<use pdf/originality.pdf>
Package pdftex.def Info: pdf/originality.pdf  used on input line 277.
(pdftex.def)             Requested size: 597.551pt x 845.07512pt.


pdfTeX warning: pdflatex (file /home/frankie/WebstormProjects/bachelor-thesis/ReportKNOBELF/pdf/originality.pdf): PDF inclusion: found PDF version <1.6>, but at most version <1.5> allowed
File: pdf/originality.pdf Graphic file (type pdf)
<use pdf/originality.pdf>
Package pdftex.def Info: pdf/originality.pdf  used on input line 277.
(pdftex.def)             Requested size: 597.551pt x 845.07512pt.


pdfTeX warning: pdflatex (file /home/frankie/WebstormProjects/bachelor-thesis/ReportKNOBELF/pdf/originality.pdf): PDF inclusion: found PDF version <1.6>, but at most version <1.5> allowed


pdfTeX warning: pdflatex (file /home/frankie/WebstormProjects/bachelor-thesis/ReportKNOBELF/pdf/originality.pdf): PDF inclusion: found PDF version <1.6>, but at most version <1.5> allowed
<pdf/originality.pdf, id=1037, page=1, 597.55246pt x 845.07718pt>
File: pdf/originality.pdf Graphic file (type pdf)
<use pdf/originality.pdf, page 1>
Package pdftex.def Info: pdf/originality.pdf , page1 used on input line 277.
(pdftex.def)             Requested size: 597.551pt x 845.07512pt.
File: pdf/originality.pdf Graphic file (type pdf)
<use pdf/originality.pdf, page 1>
Package pdftex.def Info: pdf/originality.pdf , page1 used on input line 277.
(pdftex.def)             Requested size: 597.551pt x 845.07512pt.

Class scrbook Warning: deprecated old font command `\sl' used.
(scrbook)              You should note, that since 1994 LaTeX2e provides a
(scrbook)              new font selection scheme called NFSS2 with several
(scrbook)              new, combinable font commands. New KOMA-Script classes
(scrbook)              defined the old font commands like `\sl' only for
(scrbook)              compatibility with LaTeX 2.09 document styles of
(scrbook)              Script 2.0. These commands are deprecated and
(scrbook)              undocumented at least since 2003. Since 2013,
(scrbook)              KOMA-Script classes warned about soon removement of
(scrbook)              these deprecated commands. Now, after two decades of
(scrbook)              LaTeX2e, NFSS2, and KOMA-Script these commands will
(scrbook)              not work any longer. If loading a package results in
(scrbook)              this message you should contact the author of that
(scrbook)              package and ask him to replace the depracted font
(scrbook)              command `\sl', e.g., by `\normalfont \slshape '.
(scrbook)              Otherwise you should reconfigure or replace the
(scrbook)              package. If you have used the old font command
(scrbook)              `\sl' yourself you should replace it, e.g., by
(scrbook)              `\normalfont \slshape ' on input line 277.

[49]
File: pdf/originality.pdf Graphic file (type pdf)
<use pdf/originality.pdf, page 1>
Package pdftex.def Info: pdf/originality.pdf , page1 used on input line 277.
(pdftex.def)             Requested size: 597.551pt x 845.07512pt.
File: pdf/originality.pdf Graphic file (type pdf)
<use pdf/originality.pdf, page 1>
Package pdftex.def Info: pdf/originality.pdf , page1 used on input line 277.
(pdftex.def)             Requested size: 597.551pt x 845.07512pt.
File: pdf/originality.pdf Graphic file (type pdf)
<use pdf/originality.pdf, page 1>
Package pdftex.def Info: pdf/originality.pdf , page1 used on input line 277.
(pdftex.def)             Requested size: 597.551pt x 845.07512pt.
 [50 </home/frankie/WebstormProjects/bachelor-thesis/ReportKNOBELF/pdf/originality.pdf>]
Package atveryend Info: Empty hook `BeforeClearDocument' on input line 279.
Package atveryend Info: Empty hook `AfterLastShipout' on input line 279.
 (/home/frankie/WebstormProjects/bachelor-thesis/ReportKNOBELF/thesis.aux)
Package atveryend Info: Executing hook `AtVeryEndDocument' on input line 279.
Package atveryend Info: Executing hook `AtEndAfterFileList' on input line 279.
Package rerunfilecheck Info: File `thesis.out' has not changed.
(rerunfilecheck)             Checksum: D41D8CD98F00B204E9800998ECF8427E;0.


LaTeX Warning: There were undefined references.

 ) 
Here is how much of TeX's memory you used:
 26135 strings out of 492167
 457248 string characters out of 6131558
 840989 words of memory out of 5000000
 29467 multiletter control sequences out of 15000+600000
 595677 words of font info for 86 fonts, out of 8000000 for 9000
 1141 hyphenation exceptions out of 8191
 56i,29n,86p,10126b,2101s stack positions out of 5000i,500n,10000p,200000b,80000s
{/usr/share/texmf-dist/fonts/enc/dvips/base/8r.enc}</usr/share/texmf-dist/fonts/type1/public/amsfonts/cm/cmsy10.pfb></usr/share/texmf-dist/fonts/type1/urw/courier/ucrb8a.pfb></usr/share/texmf-dist/fonts/type1/urw/courier/ucrr8a.pfb></usr/share/texmf-dist/fonts/type1/urw/helvetic/uhvb8a.pfb></usr/share/texmf-dist/fonts/type1/urw/helvetic/uhvr8a.pfb></usr/share/texmf-dist/fonts/type1/urw/helvetic/uhvro8a.pfb></usr/share/texmf-dist/fonts/type1/urw/times/utmb8a.pfb></usr/share/texmf-dist/fonts/type1/urw/times/utmb8a.pfb></usr/share/texmf-dist/fonts/type1/urw/times/utmr8a.pfb></usr/share/texmf-dist/fonts/type1/urw/times/utmr8a.pfb></usr/share/texmf-dist/fonts/type1/urw/times/utmri8a.pfb>
Output written on /home/frankie/WebstormProjects/bachelor-thesis/ReportKNOBELF/thesis.pdf (58 pages, 36656032 bytes).
PDF statistics:
 1443 PDF objects out of 1728 (max. 8388607)
 1286 compressed objects within 13 object streams
 702 named destinations out of 1000 (max. 500000)
 681 words of extra memory for PDF output out of 10000 (max. 10000000)

